[debug] [2021-12-21T11:23:45.532Z] ----------------------------------------------------------------------
[debug] [2021-12-21T11:23:45.536Z] Command:       C:\Program Files\nodejs\node.exe C:\Users\dotan\AppData\Roaming\npm\node_modules\firebase-tools\lib\bin\firebase.js init
[debug] [2021-12-21T11:23:45.538Z] CLI Version:   9.18.0
[debug] [2021-12-21T11:23:45.539Z] Platform:      win32
[debug] [2021-12-21T11:23:45.539Z] Node Version:  v14.17.4
[debug] [2021-12-21T11:23:45.553Z] Time:          Tue Dec 21 2021 18:23:45 GMT+0700 (Indochina Time)
[debug] [2021-12-21T11:23:45.553Z] ----------------------------------------------------------------------
[debug] 
[debug] [2021-12-21T11:23:45.559Z] >>> [apiv2][query] GET https://firebase-public.firebaseio.com/cli.json [none]
[debug] [2021-12-21T11:23:45.668Z] > command requires scopes: ["email","openid","https://www.googleapis.com/auth/cloudplatformprojects.readonly","https://www.googleapis.com/auth/firebase","https://www.googleapis.com/auth/cloud-platform"]
[debug] [2021-12-21T11:23:45.668Z] > authorizing via signed-in user (dotanphat20@gmail.com)
[info] 
     ######## #### ########  ######## ########     ###     ######  ########
     ##        ##  ##     ## ##       ##     ##  ##   ##  ##       ##
     ######    ##  ########  ######   ########  #########  ######  ######
     ##        ##  ##    ##  ##       ##     ## ##     ##       ## ##
     ##       #### ##     ## ######## ########  ##     ##  ######  ########

You're about to initialize a Firebase project in this directory:

  C:\Users\dotan\OneDrive\Documents\My Project\shoes-web\FE

[debug] [2021-12-21T11:23:46.502Z] <<< [apiv2][status] GET https://firebase-public.firebaseio.com/cli.json 200
[debug] [2021-12-21T11:23:46.502Z] <<< [apiv2][body] GET https://firebase-public.firebaseio.com/cli.json {"cloudBuildErrorAfter":1594252800000,"cloudBuildWarnAfter":1590019200000,"defaultNode10After":1594252800000,"minVersion":"3.0.5","node8DeploysDisabledAfter":1613390400000,"node8RuntimeDisabledAfter":1615809600000,"node8WarnAfter":1600128000000}
